<?xml version="1.0" encoding="UTF-8"?>
<!-- Generated by org.testng.reporters.JUnitReportReporter -->
<testsuite hostname="Macbook-Pro-16.local" failures="0" tests="2" name="com.practice.selenium_practice.ApiBasicExamples" time="3.706" errors="0" timestamp="2026-03-18T13:54:56 EDT" skipped="0">
  <testcase classname="com.practice.selenium_practice.ApiBasicExamples" name="testPutPost" time="0.348"/>
  <testcase classname="com.practice.selenium_practice.ApiBasicExamples" name="testGetPost" time="3.358"/>
</testsuite> <!-- com.practice.selenium_practice.ApiBasicExamples -->
