<?xml version="1.0" encoding="UTF-8"?>
<!-- Generated by org.testng.reporters.JUnitReportReporter -->
<testsuite hostname="Macbook-Pro-16" failures="0" tests="2" name="com.practice.selenium_practice.SuccessfulLoginPracticeTest" time="19.988" errors="0" timestamp="2026-03-15T12:18:55 EDT" skipped="0">
  <testcase classname="com.practice.selenium_practice.SuccessfulLoginPracticeTest" name="validLoginShouldNavigateToSecurePage" time="12.336"/>
  <testcase classname="com.practice.selenium_practice.SuccessfulLoginPracticeTest" name="performLogoutOperation" time="7.652"/>
</testsuite> <!-- com.practice.selenium_practice.SuccessfulLoginPracticeTest -->
