<?xml version="1.0" encoding="UTF-8"?>
<!-- Generated by org.testng.reporters.JUnitReportReporter -->
<testsuite hostname="Macbook-Pro-16.local" failures="0" tests="1" name="com.practice.selenium_practice.SuccesfullLoginPracticeTest" time="16.373" errors="0" timestamp="2026-03-14T22:26:17 EDT" skipped="0">
  <testcase classname="com.practice.selenium_practice.SuccesfullLoginPracticeTest" name="invalidLoginShouldRemainOnLoginPage" time="16.373"/>
</testsuite> <!-- com.practice.selenium_practice.SuccesfullLoginPracticeTest -->
