<?xml version="1.0" encoding="UTF-8"?>
<!-- Generated by org.testng.reporters.JUnitReportReporter -->
<testsuite hostname="Macbook-Pro-16.local" failures="0" tests="1" name="com.practice.selenium_practice.InvalidLoginPracticeTest" time="13.801" errors="0" timestamp="2026-03-14T21:59:37 EDT" skipped="0">
  <testcase classname="com.practice.selenium_practice.InvalidLoginPracticeTest" name="invalidLoginShouldRemainOnLoginPage" time="13.801"/>
</testsuite> <!-- com.practice.selenium_practice.InvalidLoginPracticeTest -->
