<?xml version="1.0" encoding="UTF-8"?>
<testng-results ignored="0" total="1" passed="1" failed="0" skipped="0">
  <reporter-output>
  </reporter-output>
  <suite started-at="2026-03-24T17:42:30 EDT" name="Default suite" finished-at="2026-03-24T17:42:45 EDT" duration-ms="15002">
    <groups>
    </groups>
    <test started-at="2026-03-24T17:42:30 EDT" name="Default test" finished-at="2026-03-24T17:42:45 EDT" duration-ms="15002">
      <class name="com.practice.tests.ui.LoginLogoutFlowPOMTest">
        <test-method is-config="true" signature="setUp()[pri:0, instance:com.practice.tests.ui.LoginLogoutFlowPOMTest@f78a47e]" started-at="2026-03-24T17:42:30 EDT" name="setUp" finished-at="2026-03-24T17:42:38 EDT" duration-ms="7844" status="PASS">
          <reporter-output>
          </reporter-output>
        </test-method> <!-- setUp -->
        <test-method signature="validLoginThenLogoutShouldReturnToLoginPage()[pri:0, instance:com.practice.tests.ui.LoginLogoutFlowPOMTest@f78a47e]" started-at="2026-03-24T17:42:38 EDT" name="validLoginThenLogoutShouldReturnToLoginPage" finished-at="2026-03-24T17:42:45 EDT" duration-ms="6931" status="PASS">
          <reporter-output>
          </reporter-output>
        </test-method> <!-- validLoginThenLogoutShouldReturnToLoginPage -->
        <test-method is-config="true" signature="tearDown()[pri:0, instance:com.practice.tests.ui.LoginLogoutFlowPOMTest@f78a47e]" started-at="2026-03-24T17:42:45 EDT" name="tearDown" finished-at="2026-03-24T17:42:45 EDT" duration-ms="129" status="PASS">
          <reporter-output>
          </reporter-output>
        </test-method> <!-- tearDown -->
      </class> <!-- com.practice.tests.ui.LoginLogoutFlowPOMTest -->
    </test> <!-- Default test -->
  </suite> <!-- Default suite -->
</testng-results>
