<?xml version="1.0" encoding="UTF-8"?>
<!-- Generated by org.testng.reporters.JUnitXMLReporter -->
<testsuite ignored="0" hostname="Macbook-Pro-16.local" failures="0" tests="2" name="Default test" time="3.813" errors="0" timestamp="2026-03-18T13:54:56 EDT">
  <testcase classname="com.practice.selenium_practice.ApiBasicExamples" name="testGetPost" time="3.358"/>
  <testcase classname="com.practice.selenium_practice.ApiBasicExamples" name="testPutPost" time="0.348"/>
</testsuite> <!-- Default test -->
