<?xml version="1.0" encoding="UTF-8"?>
<!-- Generated by org.testng.reporters.JUnitXMLReporter -->
<testsuite ignored="0" hostname="Macbook-Pro-16" failures="0" tests="2" name="Default test" time="20.094" errors="0" timestamp="2026-03-15T12:18:55 EDT">
  <testcase classname="com.practice.selenium_practice.SuccessfulLoginPracticeTest" name="validLoginShouldNavigateToSecurePage" time="6.505"/>
  <testcase classname="com.practice.selenium_practice.SuccessfulLoginPracticeTest" name="performLogoutOperation" time="0.002"/>
</testsuite> <!-- Default test -->
